<?xml version="1.0" encoding="UTF-8"?>
<!-- Generated by org.testng.reporters.JUnitXMLReporter -->
<testsuite hostname="Narayan-PC" ignored="1" name="Test" tests="2" failures="1" timestamp="30 Dec 2019 23:15:01 GMT" time="0.623" errors="0">
  <testcase name="@AfterClass teardown" time="0.0" classname="com.wallet.Pages.BaseClass">
    <failure type="java.lang.NullPointerException">
      <![CDATA[java.lang.NullPointerException
	at com.wallet.utility.BrowserFactory.quitBrowser(BrowserFactory.java:44)
	at com.wallet.Pages.BaseClass.teardown(BaseClass.java:40)
... Removed 25 stack frames]]>
    </failure>
  </testcase> <!-- @AfterClass teardown -->
  <testcase name="@AfterClass teardown" time="0.0" classname="com.wallet.Pages.BaseClass">
    <skipped/>
  </testcase> <!-- @AfterClass teardown -->
  <testcase name="LoginFacebook" time="0.513" classname="com.wallet.TestCases.Facebook_Login_TestCase">
    <failure type="java.lang.IllegalStateException" message="The driver executable does not exist: D:\WalletHub\WalletHub\.\Drivers\chromedriver.exe">
      <![CDATA[java.lang.IllegalStateException: The driver executable does not exist: D:\WalletHub\WalletHub\.\Drivers\chromedriver.exe
	at com.google.common.base.Preconditions.checkState(Preconditions.java:585)
	at org.openqa.selenium.remote.service.DriverService.checkExecutable(DriverService.java:137)
	at org.openqa.selenium.remote.service.DriverService.findExecutable(DriverService.java:132)
	at org.openqa.selenium.chrome.ChromeDriverService.access$000(ChromeDriverService.java:35)
	at org.openqa.selenium.chrome.ChromeDriverService$Builder.findDefaultExecutable(ChromeDriverService.java:156)
	at org.openqa.selenium.remote.service.DriverService$Builder.build(DriverService.java:346)
	at org.openqa.selenium.chrome.ChromeDriverService.createDefaultService(ChromeDriverService.java:91)
	at org.openqa.selenium.chrome.ChromeDriver.<init>(ChromeDriver.java:157)
	at com.wallet.utility.BrowserFactory.startApplication(BrowserFactory.java:18)
	at com.wallet.TestCases.Facebook_Login_TestCase.LoginFacebook(Facebook_Login_TestCase.java:19)
... Removed 25 stack frames]]>
    </failure>
  </testcase> <!-- LoginFacebook -->
  <testcase name="Assignment2TestCase" time="0.006" classname="com.wallet.TestCases.Assignment2TestCase">
    <skipped/>
  </testcase> <!-- Assignment2TestCase -->
  <testcase name="@BeforeSuite SetupSuite" time="0.0" classname="com.wallet.Pages.BaseClass">
    <ignored/>
  </testcase> <!-- @BeforeSuite SetupSuite -->
</testsuite> <!-- Test -->
